<?xml version="1.0" encoding="UTF-8"?>
<testng-results skipped="0" failed="0" total="1" passed="1">
  <reporter-output>
  </reporter-output>
  <suite name="Default suite" duration-ms="7307" started-at="2019-02-08T09:33:58Z" finished-at="2019-02-08T09:34:05Z">
    <groups>
    </groups>
    <test name="Default test" duration-ms="7307" started-at="2019-02-08T09:33:58Z" finished-at="2019-02-08T09:34:05Z">
      <class name="Selenium.Learning.Screenshots">
        <test-method status="PASS" signature="Setup()[pri:0, instance:Selenium.Learning.Screenshots@4c70fda8]" name="Setup" is-config="true" duration-ms="3409" started-at="2019-02-08T04:33:58Z" finished-at="2019-02-08T04:34:01Z">
          <reporter-output>
          </reporter-output>
        </test-method> <!-- Setup -->
        <test-method status="PASS" signature="ScreenshotTest()[pri:0, instance:Selenium.Learning.Screenshots@4c70fda8]" name="ScreenshotTest" duration-ms="3277" started-at="2019-02-08T04:34:01Z" finished-at="2019-02-08T04:34:05Z">
          <reporter-output>
          </reporter-output>
        </test-method> <!-- ScreenshotTest -->
        <test-method status="PASS" signature="Teardown()[pri:0, instance:Selenium.Learning.Screenshots@4c70fda8]" name="Teardown" is-config="true" duration-ms="619" started-at="2019-02-08T04:34:05Z" finished-at="2019-02-08T04:34:05Z">
          <reporter-output>
          </reporter-output>
        </test-method> <!-- Teardown -->
      </class> <!-- Selenium.Learning.Screenshots -->
    </test> <!-- Default test -->
  </suite> <!-- Default suite -->
</testng-results>
